<?xml version="1.0" encoding="UTF-8" ?>
<testsuites disabled="0" errors="0" failures="0" tests="3" time="1.854">
 <testsuite name="Articles Endpoints" timestamp="2024-11-17T15:45:36" hostname="localhost" time="1.854" errors="0" tests="3" skipped="0" disabled="0" failures="0">
  <testcase classname="Articles Endpoints" name="POST /article (should add a new article for the logged-in user, text the length increased by 1 and its content)" time="0.632" />
  <testcase classname="Articles Endpoints" name="GET /articles (should return articles for the logged-in user)" time="0.308" />
  <testcase classname="Articles Endpoints" name="GET /articles/:id (should return an article by valid ID and error by invalid ID)" time="0.914" />
 </testsuite>
</testsuites>